[debug] [2021-11-23T10:22:34.822Z] ----------------------------------------------------------------------
[debug] [2021-11-23T10:22:34.827Z] Command:       D:\documents\nodejs\node.exe C:\Users\hp\AppData\Roaming\npm\node_modules\firebase-tools\lib\bin\firebase.js init
[debug] [2021-11-23T10:22:34.827Z] CLI Version:   9.22.0
[debug] [2021-11-23T10:22:34.828Z] Platform:      win32
[debug] [2021-11-23T10:22:34.828Z] Node Version:  v14.15.4
[debug] [2021-11-23T10:22:34.971Z] Time:          Tue Nov 23 2021 15:52:34 GMT+0530 (India Standard Time)
[debug] [2021-11-23T10:22:34.972Z] ----------------------------------------------------------------------
[debug] 
[debug] [2021-11-23T10:22:35.019Z] >>> [apiv2][query] GET https://firebase-public.firebaseio.com/cli.json [none]
[debug] [2021-11-23T10:22:35.124Z] > command requires scopes: ["email","openid","https://www.googleapis.com/auth/cloudplatformprojects.readonly","https://www.googleapis.com/auth/firebase","https://www.googleapis.com/auth/cloud-platform"]
[debug] [2021-11-23T10:22:35.125Z] > authorizing via signed-in user (ksuman8283@gmail.com)
[info] 
     ######## #### ########  ######## ########     ###     ######  ########
     ##        ##  ##     ## ##       ##     ##  ##   ##  ##       ##
     ######    ##  ########  ######   ########  #########  ######  ######
     ##        ##  ##    ##  ##       ##     ## ##     ##       ## ##
     ##       #### ##     ## ######## ########  ##     ##  ######  ########

You're about to initialize a Firebase project in this directory:

  D:\amazing websites\Javascript frameworks\React Js\slack-clone

[debug] [2021-11-23T10:22:38.233Z] <<< [apiv2][status] GET https://firebase-public.firebaseio.com/cli.json 200
[debug] [2021-11-23T10:22:38.234Z] <<< [apiv2][body] GET https://firebase-public.firebaseio.com/cli.json {"cloudBuildErrorAfter":1594252800000,"cloudBuildWarnAfter":1590019200000,"defaultNode10After":1594252800000,"minVersion":"3.0.5","node8DeploysDisabledAfter":1613390400000,"node8RuntimeDisabledAfter":1615809600000,"node8WarnAfter":1600128000000}
[info] 
=== Project Setup
[info] 
[info] First, let's associate this project directory with a Firebase project.
[info] You can create multiple project aliases by running firebase use --add, 
[info] but for now we'll just set up a default project.
[info] 
[debug] [2021-11-23T10:24:05.123Z] > refreshing access token with scopes: []
[debug] [2021-11-23T10:24:05.124Z] >>> HTTP REQUEST POST https://www.googleapis.com/oauth2/v3/token  
 <request body omitted>
[debug] [2021-11-23T10:24:07.386Z] <<< HTTP RESPONSE 200 {"expires":"Mon, 01 Jan 1990 00:00:00 GMT","date":"Tue, 23 Nov 2021 10:24:09 GMT","pragma":"no-cache","cache-control":"no-cache, no-store, max-age=0, must-revalidate","content-type":"application/json; charset=utf-8","vary":"X-Origin, Referer, Origin,Accept-Encoding","server":"scaffolding on HTTPServer2","x-xss-protection":"0","x-frame-options":"SAMEORIGIN","x-content-type-options":"nosniff","alt-svc":"h3=\":443\"; ma=2592000,h3-29=\":443\"; ma=2592000,h3-Q050=\":443\"; ma=2592000,h3-Q046=\":443\"; ma=2592000,h3-Q043=\":443\"; ma=2592000,quic=\":443\"; ma=2592000; v=\"46,43\"","accept-ranges":"none","transfer-encoding":"chunked"}
[debug] [2021-11-23T10:24:07.472Z] >>> [apiv2][query] GET https://firebase.googleapis.com/v1beta1/projects pageSize=100
[debug] [2021-11-23T10:24:09.297Z] <<< [apiv2][status] GET https://firebase.googleapis.com/v1beta1/projects 200
[debug] [2021-11-23T10:24:09.298Z] <<< [apiv2][body] GET https://firebase.googleapis.com/v1beta1/projects [omitted]
[info] i  Using project reactprojects-12bbe (ReactProjects) 
[info] 
=== Hosting Setup
[info] 
[info] Your public directory is the folder (relative to your project directory) that
[info] will contain Hosting assets to be uploaded with firebase deploy. If you
[info] have a build process for your assets, use your build's output directory.
[info] 
[debug] [2021-11-23T10:24:46.620Z] >>> [apiv2][query] GET https://www.gstatic.com/firebasejs/releases.json [none]
[debug] [2021-11-23T10:24:48.351Z] <<< [apiv2][status] GET https://www.gstatic.com/firebasejs/releases.json 200
[debug] [2021-11-23T10:24:48.352Z] <<< [apiv2][body] GET https://www.gstatic.com/firebasejs/releases.json {"current":{"version":"9.5.0","browserURL":"https://www.gstatic.com/firebasejs/9.5.0/firebase.js","packageURL":"https://www.gstatic.com/firebasejs/9.5.0/firebase.tgz"},"live":{"version":"9.5","browserURL":"https://www.gstatic.com/firebasejs/live/9.5/firebase.js","packageURL":"https://www.gstatic.com/firebasejs/live/9.5/firebase.tgz"},"components":{"analytics":"https://www.gstatic.com/firebasejs/9.5.0/firebase-analytics.js","app":"https://www.gstatic.com/firebasejs/9.5.0/firebase-app.js","app-check":"https://www.gstatic.com/firebasejs/9.5.0/firebase-app-check.js","auth":"https://www.gstatic.com/firebasejs/9.5.0/firebase-auth.js","auth/cordova":"https://www.gstatic.com/firebasejs/9.5.0/firebase-auth/cordova.js","auth/react-native":"https://www.gstatic.com/firebasejs/9.5.0/firebase-auth/react-native.js","functions":"https://www.gstatic.com/firebasejs/9.5.0/firebase-functions.js","firestore":"https://www.gstatic.com/firebasejs/9.5.0/firebase-firestore.js","firestore/lite":"https://www.gstatic.com/firebasejs/9.5.0/firebase-firestore/lite.js","storage":"https://www.gstatic.com/firebasejs/9.5.0/firebase-storage.js","performance":"https://www.gstatic.com/firebasejs/9.5.0/firebase-performance.js","remote-config":"https://www.gstatic.com/firebasejs/9.5.0/firebase-remote-config.js","messaging":"https://www.gstatic.com/firebasejs/9.5.0/firebase-messaging.js","messaging/sw":"https://www.gstatic.com/firebasejs/9.5.0/firebase-messaging/sw.js","database":"https://www.gstatic.com/firebasejs/9.5.0/firebase-database.js","firestore.memory":"https://www.gstatic.com/firebasejs/9.5.0/firebase-firestore.memory.js"}}
[info] +  Wrote build/index.html 
[info] 
[info] i  Detected a .git folder at D:\amazing websites\Javascript frameworks\React Js\slack-clone 
[info] i  Authorizing with GitHub to upload your service account to a GitHub repository's secrets store. 
[info] 
[info] Visit this URL on this device to log in:
[info] https://github.com/login/oauth/authorize?client_id=89cf50f02ac6aaed3484&state=337556161&redirect_uri=http%3A%2F%2Flocalhost%3A9005&scope=read%3Auser%20repo%20public_repo
[info] 
[info] Waiting for authentication...
[debug] [2021-11-23T10:24:59.858Z] >>> HTTP REQUEST POST https://github.com/login/oauth/access_token  
 {"client_id":"89cf50f02ac6aaed3484","client_secret":"3330d14abc895d9a74d5f17cd7a00711fa2c5bf0","code":"e5e018c105b774aab48d","redirect_uri":"http://localhost:9005","state":"337556161"}
[debug] [2021-11-23T10:25:00.412Z] <<< HTTP RESPONSE 200 {"server":"GitHub.com","date":"Tue, 23 Nov 2021 10:25:02 GMT","content-type":"application/json; charset=utf-8","transfer-encoding":"chunked","vary":"X-PJAX, X-PJAX-Container, Accept-Encoding, Accept, X-Requested-With","permissions-policy":"interest-cohort=()","etag":"W/\"c796218a6d93eef95055d68fea92ccad\"","cache-control":"max-age=0, private, must-revalidate","strict-transport-security":"max-age=31536000; includeSubdomains; preload","x-frame-options":"deny","x-content-type-options":"nosniff","x-xss-protection":"0","referrer-policy":"origin-when-cross-origin, strict-origin-when-cross-origin","expect-ct":"max-age=2592000, report-uri=\"https://api.github.com/_private/browser/errors\"","content-security-policy":"default-src 'none'; base-uri 'self'; block-all-mixed-content; child-src github.com/assets-cdn/worker/ gist.github.com/assets-cdn/worker/; connect-src 'self' uploads.github.com objects-origin.githubusercontent.com www.githubstatus.com collector.githubapp.com api.github.com github-cloud.s3.amazonaws.com github-production-repository-file-5c1aeb.s3.amazonaws.com github-production-upload-manifest-file-7fdce7.s3.amazonaws.com github-production-user-asset-6210df.s3.amazonaws.com cdn.optimizely.com logx.optimizely.com/v1/events translator.github.com wss://alive.github.com; font-src github.githubassets.com; form-action 'self' github.com gist.github.com objects-origin.githubusercontent.com; frame-ancestors 'none'; frame-src render.githubusercontent.com viewscreen.githubusercontent.com notebooks.githubusercontent.com; img-src 'self' data: github.githubassets.com identicons.github.com collector.githubapp.com github-cloud.s3.amazonaws.com secured-user-images.githubusercontent.com/ *.githubusercontent.com; manifest-src 'self'; media-src github.com user-images.githubusercontent.com/; script-src github.githubassets.com; style-src 'unsafe-inline' github.githubassets.com; worker-src github.com/assets-cdn/worker/ gist.github.com/assets-cdn/worker/","x-github-request-id":"E05F:796B:97F035:D161BF:619CC17D"}
[debug] [2021-11-23T10:25:00.453Z] >>> [apiv2][query] GET https://api.github.com/user [none]
[debug] [2021-11-23T10:25:01.053Z] <<< [apiv2][status] GET https://api.github.com/user 200
[debug] [2021-11-23T10:25:01.053Z] <<< [apiv2][body] GET https://api.github.com/user {"login":"ProgrammingWithGaurav","id":88154142,"node_id":"MDQ6VXNlcjg4MTU0MTQy","avatar_url":"https://avatars.githubusercontent.com/u/88154142?v=4","gravatar_id":"","url":"https://api.github.com/users/ProgrammingWithGaurav","html_url":"https://github.com/ProgrammingWithGaurav","followers_url":"https://api.github.com/users/ProgrammingWithGaurav/followers","following_url":"https://api.github.com/users/ProgrammingWithGaurav/following{/other_user}","gists_url":"https://api.github.com/users/ProgrammingWithGaurav/gists{/gist_id}","starred_url":"https://api.github.com/users/ProgrammingWithGaurav/starred{/owner}{/repo}","subscriptions_url":"https://api.github.com/users/ProgrammingWithGaurav/subscriptions","organizations_url":"https://api.github.com/users/ProgrammingWithGaurav/orgs","repos_url":"https://api.github.com/users/ProgrammingWithGaurav/repos","events_url":"https://api.github.com/users/ProgrammingWithGaurav/events{/privacy}","received_events_url":"https://api.github.com/users/ProgrammingWithGaurav/received_events","type":"User","site_admin":false,"name":"Gaurav","company":null,"blog":"","location":"India","email":null,"hireable":null,"bio":null,"twitter_username":null,"public_repos":27,"public_gists":0,"followers":0,"following":0,"created_at":"2021-07-29T15:34:52Z","updated_at":"2021-11-11T15:38:04Z","private_gists":0,"total_private_repos":0,"owned_private_repos":0,"disk_usage":51812,"collaborators":0,"two_factor_authentication":false,"plan":{"name":"free","space":976562499,"collaborators":0,"private_repos":10000}}
[info] 
[info] +  Success! Logged into GitHub as ProgrammingWithGaurav 
[info] 
[debug] [2021-11-23T10:25:17.319Z] >>> [apiv2][query] GET https://api.github.com/repos//actions/secrets/public-key type=owner
[debug] [2021-11-23T10:25:18.028Z] >>> [apiv2][query] GET https://api.github.com/repos//actions/secrets/public-key type=owner
[debug] [2021-11-23T10:25:18.257Z] <<< [apiv2][status] GET https://api.github.com/repos//actions/secrets/public-key 404
[debug] [2021-11-23T10:25:18.258Z] <<< [apiv2][body] GET https://api.github.com/repos//actions/secrets/public-key {"message":"Not Found","documentation_url":"https://docs.github.com/rest"}
[debug] [2021-11-23T10:25:19.246Z] <<< [apiv2][status] GET https://api.github.com/repos//actions/secrets/public-key 404
[debug] [2021-11-23T10:25:19.247Z] <<< [apiv2][body] GET https://api.github.com/repos//actions/secrets/public-key {"message":"Not Found","documentation_url":"https://docs.github.com/rest"}
[debug] [2021-11-23T10:26:07.224Z] >>> [apiv2][query] GET https://api.github.com/repos/reactjs-slack-clone/actions/secrets/public-key type=owner
[debug] [2021-11-23T10:26:08.968Z] <<< [apiv2][status] GET https://api.github.com/repos/reactjs-slack-clone/actions/secrets/public-key 404
[debug] [2021-11-23T10:26:08.969Z] <<< [apiv2][body] GET https://api.github.com/repos/reactjs-slack-clone/actions/secrets/public-key {"message":"Not Found","documentation_url":"https://docs.github.com/rest"}
[debug] [2021-11-23T10:26:18.793Z] >>> [apiv2][query] GET https://api.github.com/repos/reacjs-slack-clone/actions/secrets/public-key type=owner
[debug] [2021-11-23T10:26:20.465Z] <<< [apiv2][status] GET https://api.github.com/repos/reacjs-slack-clone/actions/secrets/public-key 404
[debug] [2021-11-23T10:26:20.467Z] <<< [apiv2][body] GET https://api.github.com/repos/reacjs-slack-clone/actions/secrets/public-key {"message":"Not Found","documentation_url":"https://docs.github.com/rest"}
[debug] [2021-11-23T10:27:01.586Z] >>> [apiv2][query] GET https://api.github.com/repos//actions/secrets/public-key type=owner
[debug] [2021-11-23T10:27:01.899Z] >>> [apiv2][query] GET https://api.github.com/repos//actions/secrets/public-key type=owner
[debug] [2021-11-23T10:27:02.171Z] >>> [apiv2][query] GET https://api.github.com/repos//actions/secrets/public-key type=owner
[debug] [2021-11-23T10:27:04.501Z] <<< [apiv2][status] GET https://api.github.com/repos//actions/secrets/public-key 404
[debug] [2021-11-23T10:27:04.501Z] <<< [apiv2][body] GET https://api.github.com/repos//actions/secrets/public-key {"message":"Not Found","documentation_url":"https://docs.github.com/rest"}
[debug] [2021-11-23T10:27:04.504Z] <<< [apiv2][status] GET https://api.github.com/repos//actions/secrets/public-key 404
[debug] [2021-11-23T10:27:04.505Z] <<< [apiv2][body] GET https://api.github.com/repos//actions/secrets/public-key {"message":"Not Found","documentation_url":"https://docs.github.com/rest"}
[debug] [2021-11-23T10:27:04.620Z] >>> [apiv2][query] GET https://api.github.com/repos/reacjs-slack-clone/actions/secrets/public-key type=owner
[debug] [2021-11-23T10:27:05.359Z] >>> [apiv2][query] GET https://api.github.com/repos//actions/secrets/public-key type=owner
[debug] [2021-11-23T10:27:05.369Z] <<< [apiv2][status] GET https://api.github.com/repos//actions/secrets/public-key 404
[debug] [2021-11-23T10:27:05.369Z] <<< [apiv2][body] GET https://api.github.com/repos//actions/secrets/public-key {"message":"Not Found","documentation_url":"https://docs.github.com/rest"}
[debug] [2021-11-23T10:27:06.034Z] <<< [apiv2][status] GET https://api.github.com/repos/reacjs-slack-clone/actions/secrets/public-key 404
[debug] [2021-11-23T10:27:06.035Z] <<< [apiv2][body] GET https://api.github.com/repos/reacjs-slack-clone/actions/secrets/public-key {"message":"Not Found","documentation_url":"https://docs.github.com/rest"}
[debug] [2021-11-23T10:27:06.039Z] <<< [apiv2][status] GET https://api.github.com/repos//actions/secrets/public-key 404
[debug] [2021-11-23T10:27:06.040Z] <<< [apiv2][body] GET https://api.github.com/repos//actions/secrets/public-key {"message":"Not Found","documentation_url":"https://docs.github.com/rest"}
[debug] [2021-11-23T10:27:12.484Z] >>> [apiv2][query] GET https://api.github.com/repos//actions/secrets/public-key type=owner
[debug] [2021-11-23T10:27:13.552Z] >>> [apiv2][query] GET https://api.github.com/repos//actions/secrets/public-key type=owner
[debug] [2021-11-23T10:27:13.731Z] >>> [apiv2][query] GET https://api.github.com/repos//actions/secrets/public-key type=owner
[debug] [2021-11-23T10:27:13.919Z] >>> [apiv2][query] GET https://api.github.com/repos//actions/secrets/public-key type=owner
[debug] [2021-11-23T10:27:13.922Z] <<< [apiv2][status] GET https://api.github.com/repos//actions/secrets/public-key 404
[debug] [2021-11-23T10:27:13.923Z] <<< [apiv2][body] GET https://api.github.com/repos//actions/secrets/public-key {"message":"Not Found","documentation_url":"https://docs.github.com/rest"}
[debug] [2021-11-23T10:27:14.059Z] >>> [apiv2][query] GET https://api.github.com/repos//actions/secrets/public-key type=owner
[debug] [2021-11-23T10:27:14.227Z] >>> [apiv2][query] GET https://api.github.com/repos//actions/secrets/public-key type=owner
[debug] [2021-11-23T10:27:14.395Z] >>> [apiv2][query] GET https://api.github.com/repos//actions/secrets/public-key type=owner
[debug] [2021-11-23T10:27:14.401Z] <<< [apiv2][status] GET https://api.github.com/repos//actions/secrets/public-key 404
[debug] [2021-11-23T10:27:14.401Z] <<< [apiv2][body] GET https://api.github.com/repos//actions/secrets/public-key {"message":"Not Found","documentation_url":"https://docs.github.com/rest"}
[debug] [2021-11-23T10:27:14.571Z] >>> [apiv2][query] GET https://api.github.com/repos//actions/secrets/public-key type=owner
[debug] [2021-11-23T10:27:14.764Z] >>> [apiv2][query] GET https://api.github.com/repos//actions/secrets/public-key type=owner
[debug] [2021-11-23T10:27:14.777Z] <<< [apiv2][status] GET https://api.github.com/repos//actions/secrets/public-key 404
[debug] [2021-11-23T10:27:14.777Z] <<< [apiv2][body] GET https://api.github.com/repos//actions/secrets/public-key {"message":"Not Found","documentation_url":"https://docs.github.com/rest"}
[debug] [2021-11-23T10:27:14.780Z] <<< [apiv2][status] GET https://api.github.com/repos//actions/secrets/public-key 404
[debug] [2021-11-23T10:27:14.780Z] <<< [apiv2][body] GET https://api.github.com/repos//actions/secrets/public-key {"message":"Not Found","documentation_url":"https://docs.github.com/rest"}
[debug] [2021-11-23T10:27:15.244Z] <<< [apiv2][status] GET https://api.github.com/repos//actions/secrets/public-key 404
[debug] [2021-11-23T10:27:15.244Z] <<< [apiv2][body] GET https://api.github.com/repos//actions/secrets/public-key {"message":"Not Found","documentation_url":"https://docs.github.com/rest"}
[debug] [2021-11-23T10:27:15.247Z] <<< [apiv2][status] GET https://api.github.com/repos//actions/secrets/public-key 404
[debug] [2021-11-23T10:27:15.248Z] <<< [apiv2][body] GET https://api.github.com/repos//actions/secrets/public-key {"message":"Not Found","documentation_url":"https://docs.github.com/rest"}
[debug] [2021-11-23T10:27:15.250Z] <<< [apiv2][status] GET https://api.github.com/repos//actions/secrets/public-key 404
[debug] [2021-11-23T10:27:15.251Z] <<< [apiv2][body] GET https://api.github.com/repos//actions/secrets/public-key {"message":"Not Found","documentation_url":"https://docs.github.com/rest"}
[debug] [2021-11-23T10:27:15.395Z] >>> [apiv2][query] GET https://api.github.com/repos//actions/secrets/public-key type=owner
[debug] [2021-11-23T10:27:15.971Z] <<< [apiv2][status] GET https://api.github.com/repos//actions/secrets/public-key 404
[debug] [2021-11-23T10:27:15.972Z] <<< [apiv2][body] GET https://api.github.com/repos//actions/secrets/public-key {"message":"Not Found","documentation_url":"https://docs.github.com/rest"}
[debug] [2021-11-23T10:27:15.975Z] <<< [apiv2][status] GET https://api.github.com/repos//actions/secrets/public-key 404
[debug] [2021-11-23T10:27:15.975Z] <<< [apiv2][body] GET https://api.github.com/repos//actions/secrets/public-key {"message":"Not Found","documentation_url":"https://docs.github.com/rest"}
[debug] [2021-11-23T10:27:17.026Z] <<< [apiv2][status] GET https://api.github.com/repos//actions/secrets/public-key 404
[debug] [2021-11-23T10:27:17.027Z] <<< [apiv2][body] GET https://api.github.com/repos//actions/secrets/public-key {"message":"Not Found","documentation_url":"https://docs.github.com/rest"}
